<?xml version="1.0" encoding="UTF-8"?>
<testsuite xmlns:xsi="http://www.w3.org/2001/XMLSchema-instance" xsi:noNamespaceSchemaLocation="https://maven.apache.org/surefire/maven-surefire-plugin/xsd/surefire-test-report.xsd" name="DocGiaTester" time="0.043" tests="1" errors="1" skipped="0" failures="0">
  <properties>
[...]
</properties>
  <testcase name="DocGiaTester" classname="DocGiaTester" time="0.04">
    <error message="class DocGiaTester (in unnamed module @0x72a7c7e0) cannot access class com.vttanh.services.JdbcUtils (in module com.vttanh.quanlythuvien) because module com.vttanh.quanlythuvien does not export com.vttanh.services to unnamed module @0x72a7c7e0" type="java.lang.IllegalAccessError">java.lang.IllegalAccessError: class DocGiaTester (in unnamed module @0x72a7c7e0) cannot access class com.vttanh.services.JdbcUtils (in module com.vttanh.quanlythuvien) because module com.vttanh.quanlythuvien does not export com.vttanh.services to unnamed module @0x72a7c7e0
	at DocGiaTester.beforeAll(DocGiaTester.java:36)
</error>
  </testcase>
</testsuite>